<?xml version="1.0" encoding="UTF-8"?>
<!-- Generated by org.testng.reporters.JUnitReportReporter -->
<testsuite skipped="0" hostname="SURKUKUM-IN2" name="testNG.testcase3" tests="3" failures="0" timestamp="2022-11-16T11:08:29 IST" time="9.858" errors="0">
  <testcase name="SwapTwoNumbers" time="9.850" classname="testNG.testcase3"/>
  <system-out/>
  <testcase name="StringReverse" time="0.007" classname="testNG.testcase3"/>
  <system-out/>
  <testcase name="countwords" time="0.001" classname="testNG.testcase3"/>
  <system-out/>
</testsuite> <!-- testNG.testcase3 -->
