<?xml version="1.0" encoding="UTF-8"?>
<!-- Generated by org.testng.reporters.JUnitReportReporter -->
<testsuite skipped="0" hostname="SURKUKUM-IN2" name="testNG.testcase1" tests="3" failures="0" timestamp="2022-09-22T16:34:13 IST" time="0.009" errors="0">
  <testcase name="registerUser" time="0.005" classname="testNG.testcase1"/>
  <system-out/>
  <testcase name="login" time="0.002" classname="testNG.testcase1"/>
  <system-out/>
  <testcase name="logout" time="0.002" classname="testNG.testcase1"/>
  <system-out/>
</testsuite> <!-- testNG.testcase1 -->
