<?xml version="1.0" encoding="UTF-8"?>
<!-- Generated by org.testng.reporters.JUnitReportReporter -->
<testsuite skipped="0" hostname="SURKUKUM-IN2" name="testNGFunc.testcase1" tests="2" failures="0" timestamp="2022-08-08T16:09:34 IST" time="0.005" errors="0">
  <testcase name="registerUser" time="0.004" classname="testNGFunc.testcase1"/>
  <system-out/>
  <testcase name="login" time="0.001" classname="testNGFunc.testcase1"/>
  <system-out/>
</testsuite> <!-- testNGFunc.testcase1 -->
