<?xml version="1.0" encoding="UTF-8"?>
<!-- Generated by org.testng.reporters.JUnitReportReporter -->
<testsuite skipped="0" hostname="SURKUKUM-IN2" name="testNGFunc.testcase2" tests="1" failures="0" timestamp="2022-08-08T16:09:49 IST" time="0.028" errors="0">
  <testcase name="ValidateTitle" time="0.028" classname="testNGFunc.testcase2"/>
  <system-out/>
</testsuite> <!-- testNGFunc.testcase2 -->
