<?xml version="1.0" encoding="UTF-8"?>
<!-- Generated by org.testng.reporters.JUnitReportReporter -->
<testsuite skipped="0" hostname="SURKUKUM-IN2" name="testNG.testcase2" tests="1" failures="0" timestamp="2022-08-03T10:29:08 IST" time="0.009" errors="0">
  <testcase name="ValidateTitle" time="0.009" classname="testNG.testcase2"/>
  <system-out/>
</testsuite> <!-- testNG.testcase2 -->
