<?xml version="1.0" encoding="UTF-8"?>
<!-- Generated by org.testng.reporters.JUnitReportReporter -->
<testsuite skipped="0" hostname="SURKUKUM-IN2" name="tetstcases.GoogleSearch" tests="1" failures="0" timestamp="2022-09-21T13:49:07 IST" time="3.713" errors="0">
  <testcase name="GoogleSearch" time="3.713" classname="tetstcases.GoogleSearch"/>
  <system-out>
    <![CDATA[Login to google success
Location of search field Success
Serach values Success]]>
  </system-out>
</testsuite> <!-- tetstcases.GoogleSearch -->
