<?xml version="1.0" encoding="UTF-8"?>
<!-- Generated by org.testng.reporters.JUnitReportReporter -->
<testsuite skipped="1" hostname="SURKUKUM-IN2" name="tetstcases.AddCustomerTest" tests="1" failures="0" timestamp="2022-09-21T13:49:07 IST" time="0.000" errors="0">
  <testcase name="addCustomerTest" time="0.000" classname="tetstcases.AddCustomerTest">
    <skipped/>
  </testcase> <!-- addCustomerTest -->
  <system-out/>
</testsuite> <!-- tetstcases.AddCustomerTest -->
