<?xml version="1.0" encoding="UTF-8"?>
<!-- Generated by org.testng.reporters.JUnitReportReporter -->
<testsuite skipped="0" hostname="SURKUKUM-IN2" name="tetstcases.testcase1" tests="2" failures="0" timestamp="2022-09-21T13:49:07 IST" time="0.002" errors="0">
  <testcase name="registerUser" time="0.000" classname="tetstcases.testcase1"/>
  <system-out/>
  <testcase name="login" time="0.002" classname="tetstcases.testcase1"/>
  <system-out/>
</testsuite> <!-- tetstcases.testcase1 -->
