<?xml version="1.0" encoding="UTF-8"?>
<!-- Generated by org.testng.reporters.JUnitReportReporter -->
<testsuite skipped="0" hostname="SURKUKUM-IN2" name="tetstcases.LoginTest" tests="1" failures="0" timestamp="2022-09-21T13:49:07 IST" time="3.121" errors="0">
  <testcase name="loginAsBankManager" time="3.121" classname="tetstcases.LoginTest"/>
  <system-out>
    <![CDATA[inside login
login success]]>
  </system-out>
</testsuite> <!-- tetstcases.LoginTest -->
